Performing C SOURCE FILE Test CMAKE_HAVE_LIBC_PTHREAD failed with the following output:
Change Dir: /data/tugraph-db/deps/build/antlr4/CMakeFiles/CMakeScratch/TryCompile-b3tYhs

Run Build Command(s):/usr/bin/make -f Makefile cmTC_1d1fd/fast && /usr/bin/make  -f CMakeFiles/cmTC_1d1fd.dir/build.make CMakeFiles/cmTC_1d1fd.dir/build
make[1]: Entering directory '/data/tugraph-db/deps/build/antlr4/CMakeFiles/CMakeScratch/TryCompile-b3tYhs'
Building C object CMakeFiles/cmTC_1d1fd.dir/src.c.o
/usr/local/bin/gcc -DCMAKE_HAVE_LIBC_PTHREAD   -o CMakeFiles/cmTC_1d1fd.dir/src.c.o -c /data/tugraph-db/deps/build/antlr4/CMakeFiles/CMakeScratch/TryCompile-b3tYhs/src.c
Linking C executable cmTC_1d1fd
/usr/local/bin/cmake -E cmake_link_script CMakeFiles/cmTC_1d1fd.dir/link.txt --verbose=1
/usr/local/bin/gcc CMakeFiles/cmTC_1d1fd.dir/src.c.o -o cmTC_1d1fd 
CMakeFiles/cmTC_1d1fd.dir/src.c.o: In function `main':
src.c:(.text+0x2d): undefined reference to `pthread_create'
src.c:(.text+0x39): undefined reference to `pthread_detach'
src.c:(.text+0x45): undefined reference to `pthread_cancel'
src.c:(.text+0x56): undefined reference to `pthread_join'
src.c:(.text+0x6a): undefined reference to `pthread_atfork'
collect2: error: ld returned 1 exit status
CMakeFiles/cmTC_1d1fd.dir/build.make:98: recipe for target 'cmTC_1d1fd' failed
make[1]: *** [cmTC_1d1fd] Error 1
make[1]: Leaving directory '/data/tugraph-db/deps/build/antlr4/CMakeFiles/CMakeScratch/TryCompile-b3tYhs'
Makefile:127: recipe for target 'cmTC_1d1fd/fast' failed
make: *** [cmTC_1d1fd/fast] Error 2


Source file was:
#include <pthread.h>

static void* test_func(void* data)
{
  return data;
}

int main(void)
{
  pthread_t thread;
  pthread_create(&thread, NULL, test_func, NULL);
  pthread_detach(thread);
  pthread_cancel(thread);
  pthread_join(thread, NULL);
  pthread_atfork(NULL, NULL, NULL);
  pthread_exit(NULL);

  return 0;
}


Determining if the function pthread_create exists in the pthreads failed with the following output:
Change Dir: /data/tugraph-db/deps/build/antlr4/CMakeFiles/CMakeScratch/TryCompile-0ju39s

Run Build Command(s):/usr/bin/make -f Makefile cmTC_e0def/fast && /usr/bin/make  -f CMakeFiles/cmTC_e0def.dir/build.make CMakeFiles/cmTC_e0def.dir/build
make[1]: Entering directory '/data/tugraph-db/deps/build/antlr4/CMakeFiles/CMakeScratch/TryCompile-0ju39s'
Building C object CMakeFiles/cmTC_e0def.dir/CheckFunctionExists.c.o
/usr/local/bin/gcc   -DCHECK_FUNCTION_EXISTS=pthread_create -o CMakeFiles/cmTC_e0def.dir/CheckFunctionExists.c.o -c /data/tugraph-db/deps/build/antlr4/CMakeFiles/CMakeScratch/TryCompile-0ju39s/CheckFunctionExists.c
Linking C executable cmTC_e0def
/usr/local/bin/cmake -E cmake_link_script CMakeFiles/cmTC_e0def.dir/link.txt --verbose=1
/usr/local/bin/gcc  -DCHECK_FUNCTION_EXISTS=pthread_create CMakeFiles/cmTC_e0def.dir/CheckFunctionExists.c.o -o cmTC_e0def  -lpthreads 
/usr/bin/ld: cannot find -lpthreads
collect2: error: ld returned 1 exit status
CMakeFiles/cmTC_e0def.dir/build.make:98: recipe for target 'cmTC_e0def' failed
make[1]: *** [cmTC_e0def] Error 1
make[1]: Leaving directory '/data/tugraph-db/deps/build/antlr4/CMakeFiles/CMakeScratch/TryCompile-0ju39s'
Makefile:127: recipe for target 'cmTC_e0def/fast' failed
make: *** [cmTC_e0def/fast] Error 2



Performing C SOURCE FILE Test CMAKE_HAVE_LIBC_PTHREAD failed with the following output:
Change Dir: /home/spdk/p4510/zhengyang/data/lmdb/deps/build/antlr4/CMakeFiles/CMakeTmp

Run Build Command(s):/usr/bin/make -f Makefile cmTC_e2832/fast && /usr/bin/make  -f CMakeFiles/cmTC_e2832.dir/build.make CMakeFiles/cmTC_e2832.dir/build
make[1]: Entering directory '/home/spdk/p4510/zhengyang/data/lmdb/deps/build/antlr4/CMakeFiles/CMakeTmp'
Building C object CMakeFiles/cmTC_e2832.dir/src.c.o
/usr/bin/gcc -DCMAKE_HAVE_LIBC_PTHREAD   -o CMakeFiles/cmTC_e2832.dir/src.c.o -c /home/spdk/p4510/zhengyang/data/lmdb/deps/build/antlr4/CMakeFiles/CMakeTmp/src.c
Linking C executable cmTC_e2832
/usr/local/bin/cmake -E cmake_link_script CMakeFiles/cmTC_e2832.dir/link.txt --verbose=1
/usr/bin/gcc CMakeFiles/cmTC_e2832.dir/src.c.o -o cmTC_e2832 
/usr/bin/ld: CMakeFiles/cmTC_e2832.dir/src.c.o: in function `main':
src.c:(.text+0x46): undefined reference to `pthread_create'
/usr/bin/ld: src.c:(.text+0x52): undefined reference to `pthread_detach'
/usr/bin/ld: src.c:(.text+0x5e): undefined reference to `pthread_cancel'
/usr/bin/ld: src.c:(.text+0x6f): undefined reference to `pthread_join'
collect2: error: ld returned 1 exit status
make[1]: *** [CMakeFiles/cmTC_e2832.dir/build.make:99: cmTC_e2832] Error 1
make[1]: Leaving directory '/home/spdk/p4510/zhengyang/data/lmdb/deps/build/antlr4/CMakeFiles/CMakeTmp'
make: *** [Makefile:127: cmTC_e2832/fast] Error 2


Source file was:
#include <pthread.h>

static void* test_func(void* data)
{
  return data;
}

int main(void)
{
  pthread_t thread;
  pthread_create(&thread, NULL, test_func, NULL);
  pthread_detach(thread);
  pthread_cancel(thread);
  pthread_join(thread, NULL);
  pthread_atfork(NULL, NULL, NULL);
  pthread_exit(NULL);

  return 0;
}

Determining if the function pthread_create exists in the pthreads failed with the following output:
Change Dir: /home/spdk/p4510/zhengyang/data/lmdb/deps/build/antlr4/CMakeFiles/CMakeTmp

Run Build Command(s):/usr/bin/make -f Makefile cmTC_6b266/fast && /usr/bin/make  -f CMakeFiles/cmTC_6b266.dir/build.make CMakeFiles/cmTC_6b266.dir/build
make[1]: Entering directory '/home/spdk/p4510/zhengyang/data/lmdb/deps/build/antlr4/CMakeFiles/CMakeTmp'
Building C object CMakeFiles/cmTC_6b266.dir/CheckFunctionExists.c.o
/usr/bin/gcc   -DCHECK_FUNCTION_EXISTS=pthread_create -o CMakeFiles/cmTC_6b266.dir/CheckFunctionExists.c.o -c /usr/local/share/cmake-3.24/Modules/CheckFunctionExists.c
Linking C executable cmTC_6b266
/usr/local/bin/cmake -E cmake_link_script CMakeFiles/cmTC_6b266.dir/link.txt --verbose=1
/usr/bin/gcc  -DCHECK_FUNCTION_EXISTS=pthread_create CMakeFiles/cmTC_6b266.dir/CheckFunctionExists.c.o -o cmTC_6b266  -lpthreads 
/usr/bin/ld: cannot find -lpthreads
collect2: error: ld returned 1 exit status
make[1]: *** [CMakeFiles/cmTC_6b266.dir/build.make:99: cmTC_6b266] Error 1
make[1]: Leaving directory '/home/spdk/p4510/zhengyang/data/lmdb/deps/build/antlr4/CMakeFiles/CMakeTmp'
make: *** [Makefile:127: cmTC_6b266/fast] Error 2



